{"C:\\Users\\Poojha R A\\react\\src\\Home.jsx": {"path":"C:\\Users\\Poojha R A\\react\\src\\Home.jsx","statementMap":{"0":{"start":{"line":3,"column":16},"end":{"line":3,"column":37}},"1":{"start":{"line":4,"column":10},"end":{"line":4,"column":31}},"2":{"start":{"line":5,"column":10},"end":{"line":5,"column":null}},"3":{"start":{"line":5,"column":27},"end":{"line":5,"column":null}},"4":{"start":{"line":6,"column":10},"end":{"line":8,"column":18}},"5":{"start":{"line":7,"column":12},"end":{"line":7,"column":null}},"6":{"start":{"line":9,"column":10},"end":{"line":11,"column":11}},"7":{"start":{"line":10,"column":4},"end":{"line":10,"column":null}},"8":{"start":{"line":14,"column":4},"end":{"line":15,"column":null}},"9":{"start":{"line":14,"column":25},"end":{"line":14,"column":60}},"10":{"start":{"line":16,"column":4},"end":{"line":26,"column":null}},"11":{"start":{"line":24,"column":29},"end":{"line":24,"column":46}},"12":{"start":{"line":25,"column":29},"end":{"line":25,"column":46}}},"fnMap":{"0":{"name":"Home","decl":{"start":{"line":2,"column":9},"end":{"line":2,"column":15}},"loc":{"start":{"line":2,"column":15},"end":{"line":26,"column":null}},"line":2},"1":{"name":"(anonymous_1)","decl":{"start":{"line":5,"column":10},"end":{"line":5,"column":26}},"loc":{"start":{"line":5,"column":26},"end":{"line":5,"column":null}},"line":5},"2":{"name":"(anonymous_2)","decl":{"start":{"line":6,"column":18},"end":{"line":6,"column":30}},"loc":{"start":{"line":6,"column":30},"end":{"line":8,"column":11}},"line":6},"3":{"name":"(anonymous_3)","decl":{"start":{"line":9,"column":20},"end":{"line":9,"column":38}},"loc":{"start":{"line":9,"column":38},"end":{"line":11,"column":4}},"line":9},"4":{"name":"(anonymous_4)","decl":{"start":{"line":14,"column":14},"end":{"line":14,"column":24}},"loc":{"start":{"line":14,"column":24},"end":{"line":14,"column":61}},"line":14},"5":{"name":"(anonymous_5)","decl":{"start":{"line":24,"column":16},"end":{"line":24,"column":29}},"loc":{"start":{"line":24,"column":29},"end":{"line":24,"column":46}},"line":24},"6":{"name":"(anonymous_6)","decl":{"start":{"line":25,"column":16},"end":{"line":25,"column":29}},"loc":{"start":{"line":25,"column":29},"end":{"line":25,"column":46}},"line":25}},"branchMap":{},"s":{"0":1,"1":1,"2":1,"3":0,"4":1,"5":1,"6":1,"7":0,"8":1,"9":1,"10":1,"11":0,"12":0},"f":{"0":1,"1":0,"2":1,"3":0,"4":1,"5":0,"6":0},"b":{},"meta":{"lastBranch":0,"lastFunction":7,"lastStatement":13,"seen":{"f:2:9:2:15":0,"s:3:16:3:37":0,"s:4:10:4:31":1,"s:5:10:5:Infinity":2,"f:5:10:5:26":1,"s:5:27:5:Infinity":3,"s:6:10:8:18":4,"f:6:18:6:30":2,"s:7:12:7:Infinity":5,"s:9:10:11:11":6,"f:9:20:9:38":3,"s:10:4:10:Infinity":7,"s:14:4:15:Infinity":8,"f:14:14:14:24":4,"s:14:25:14:60":9,"s:16:4:26:Infinity":10,"f:24:16:24:29":5,"s:24:29:24:46":11,"f:25:16:25:29":6,"s:25:29:25:46":12}}}
}
